build/Qt_6_2_2_Clang_arm64_v8a-Debug/android-build/build/intermediates/manifest_merge_blame_file/debug/manifest-merger-blame-debug-report.txt
1<?xml version="1.0" encoding="utf-8"?>
2<manifest xmlns:android="http://schemas.android.com/apk/res/android"
3    package="org.qtproject.example.ultra_bms"
4    android:installLocation="auto"
5    android:versionCode="1"
6    android:versionName="1.0" >
7
8    <uses-sdk
9        android:minSdkVersion="23"
9-->Qt_6_2_2_Clang_arm64_v8a-Debug\android-build\AndroidManifest.xml
10        android:targetSdkVersion="30" />
10-->Qt_6_2_2_Clang_arm64_v8a-Debug\android-build\AndroidManifest.xml
11
12    <uses-permission android:name="android.permission.INTERNET" />
12-->Qt_6_2_2_Clang_arm64_v8a-Debug\android-build\AndroidManifest.xml:7:5-67
12-->Qt_6_2_2_Clang_arm64_v8a-Debug\android-build\AndroidManifest.xml:7:22-64
13    <uses-permission android:name="android.permission.WRITE_EXTERNAL_STORAGE" />
13-->Qt_6_2_2_Clang_arm64_v8a-Debug\android-build\AndroidManifest.xml:8:5-81
13-->Qt_6_2_2_Clang_arm64_v8a-Debug\android-build\AndroidManifest.xml:8:22-78
14    <uses-permission android:name="android.permission.ACCESS_NETWORK_STATE" />
14-->Qt_6_2_2_Clang_arm64_v8a-Debug\android-build\AndroidManifest.xml:9:5-79
14-->Qt_6_2_2_Clang_arm64_v8a-Debug\android-build\AndroidManifest.xml:9:22-76
15    <uses-permission android:name="android.permission.ACCESS_FINE_LOCATION" />
15-->Qt_6_2_2_Clang_arm64_v8a-Debug\android-build\AndroidManifest.xml:10:5-79
15-->Qt_6_2_2_Clang_arm64_v8a-Debug\android-build\AndroidManifest.xml:10:22-76
16    <uses-permission android:name="android.permission.BLUETOOTH" />
16-->Qt_6_2_2_Clang_arm64_v8a-Debug\android-build\AndroidManifest.xml:11:5-68
16-->Qt_6_2_2_Clang_arm64_v8a-Debug\android-build\AndroidManifest.xml:11:22-65
17    <uses-permission android:name="android.permission.BLUETOOTH_ADMIN" />
17-->Qt_6_2_2_Clang_arm64_v8a-Debug\android-build\AndroidManifest.xml:12:5-74
17-->Qt_6_2_2_Clang_arm64_v8a-Debug\android-build\AndroidManifest.xml:12:22-71
18    <uses-permission android:name="android.permission.CAMERA" />
18-->Qt_6_2_2_Clang_arm64_v8a-Debug\android-build\AndroidManifest.xml:13:5-65
18-->Qt_6_2_2_Clang_arm64_v8a-Debug\android-build\AndroidManifest.xml:13:22-62
19    <uses-permission android:name="android.permission.RECORD_AUDIO" />
19-->Qt_6_2_2_Clang_arm64_v8a-Debug\android-build\AndroidManifest.xml:14:5-71
19-->Qt_6_2_2_Clang_arm64_v8a-Debug\android-build\AndroidManifest.xml:14:22-68
20    <uses-permission android:name="android.permission.MODIFY_AUDIO_SETTINGS" />
20-->Qt_6_2_2_Clang_arm64_v8a-Debug\android-build\AndroidManifest.xml:15:5-80
20-->Qt_6_2_2_Clang_arm64_v8a-Debug\android-build\AndroidManifest.xml:15:22-77
21
22    <supports-screens
22-->Qt_6_2_2_Clang_arm64_v8a-Debug\android-build\AndroidManifest.xml:17:5-21:39
23        android:anyDensity="true"
23-->Qt_6_2_2_Clang_arm64_v8a-Debug\android-build\AndroidManifest.xml:18:9-34
24        android:largeScreens="true"
24-->Qt_6_2_2_Clang_arm64_v8a-Debug\android-build\AndroidManifest.xml:19:9-36
25        android:normalScreens="true"
25-->Qt_6_2_2_Clang_arm64_v8a-Debug\android-build\AndroidManifest.xml:20:9-37
26        android:smallScreens="true" />
26-->Qt_6_2_2_Clang_arm64_v8a-Debug\android-build\AndroidManifest.xml:21:9-36
27
28    <application
28-->Qt_6_2_2_Clang_arm64_v8a-Debug\android-build\AndroidManifest.xml:22:5-52:19
29        android:name="org.qtproject.qt.android.bindings.QtApplication"
29-->Qt_6_2_2_Clang_arm64_v8a-Debug\android-build\AndroidManifest.xml:23:9-71
30        android:allowNativeHeapPointerTagging="false"
30-->Qt_6_2_2_Clang_arm64_v8a-Debug\android-build\AndroidManifest.xml:28:9-54
31        android:debuggable="true"
32        android:extractNativeLibs="true"
32-->Qt_6_2_2_Clang_arm64_v8a-Debug\android-build\AndroidManifest.xml:24:9-41
33        android:hardwareAccelerated="true"
33-->Qt_6_2_2_Clang_arm64_v8a-Debug\android-build\AndroidManifest.xml:25:9-43
34        android:label="ultra_bms"
34-->Qt_6_2_2_Clang_arm64_v8a-Debug\android-build\AndroidManifest.xml:26:9-34
35        android:requestLegacyExternalStorage="true" >
35-->Qt_6_2_2_Clang_arm64_v8a-Debug\android-build\AndroidManifest.xml:27:9-52
36        <activity
36-->Qt_6_2_2_Clang_arm64_v8a-Debug\android-build\AndroidManifest.xml:29:9-51:20
37            android:name="org.qtproject.qt.android.bindings.QtActivity"
37-->Qt_6_2_2_Clang_arm64_v8a-Debug\android-build\AndroidManifest.xml:30:13-72
38            android:configChanges="orientation|uiMode|screenLayout|screenSize|smallestScreenSize|layoutDirection|locale|fontScale|keyboard|keyboardHidden|navigation|mcc|mnc|density"
38-->Qt_6_2_2_Clang_arm64_v8a-Debug\android-build\AndroidManifest.xml:31:13-182
39            android:label="ultra_bms"
39-->Qt_6_2_2_Clang_arm64_v8a-Debug\android-build\AndroidManifest.xml:32:13-38
40            android:launchMode="singleTop"
40-->Qt_6_2_2_Clang_arm64_v8a-Debug\android-build\AndroidManifest.xml:33:13-43
41            android:screenOrientation="unspecified" >
41-->Qt_6_2_2_Clang_arm64_v8a-Debug\android-build\AndroidManifest.xml:34:13-52
42            <intent-filter>
42-->Qt_6_2_2_Clang_arm64_v8a-Debug\android-build\AndroidManifest.xml:35:13-38:29
43                <action android:name="android.intent.action.MAIN" />
43-->Qt_6_2_2_Clang_arm64_v8a-Debug\android-build\AndroidManifest.xml:36:17-69
43-->Qt_6_2_2_Clang_arm64_v8a-Debug\android-build\AndroidManifest.xml:36:25-66
44
45                <category android:name="android.intent.category.LAUNCHER" />
45-->Qt_6_2_2_Clang_arm64_v8a-Debug\android-build\AndroidManifest.xml:37:17-77
45-->Qt_6_2_2_Clang_arm64_v8a-Debug\android-build\AndroidManifest.xml:37:27-74
46            </intent-filter>
47
48            <meta-data
48-->Qt_6_2_2_Clang_arm64_v8a-Debug\android-build\AndroidManifest.xml:40:11-42:45
49                android:name="android.app.lib_name"
49-->Qt_6_2_2_Clang_arm64_v8a-Debug\android-build\AndroidManifest.xml:41:17-52
50                android:value="ultra_bms" />
50-->Qt_6_2_2_Clang_arm64_v8a-Debug\android-build\AndroidManifest.xml:42:17-42
51            <meta-data
51-->Qt_6_2_2_Clang_arm64_v8a-Debug\android-build\AndroidManifest.xml:44:11-46:36
52                android:name="android.app.arguments"
52-->Qt_6_2_2_Clang_arm64_v8a-Debug\android-build\AndroidManifest.xml:45:17-53
53                android:value="" />
53-->Qt_6_2_2_Clang_arm64_v8a-Debug\android-build\AndroidManifest.xml:46:17-33
54            <meta-data
54-->Qt_6_2_2_Clang_arm64_v8a-Debug\android-build\AndroidManifest.xml:48:13-50:43
55                android:name="android.app.extract_android_style"
55-->Qt_6_2_2_Clang_arm64_v8a-Debug\android-build\AndroidManifest.xml:49:17-65
56                android:value="minimal" />
56-->Qt_6_2_2_Clang_arm64_v8a-Debug\android-build\AndroidManifest.xml:50:17-40
57        </activity>
58    </application>
59
60</manifest>